2023/11/30 21:52:21 engine.go:57: Engine Start start
2023/11/30 21:52:21 engine.go:29: Engine Run start
2023/11/30 21:52:21 engine.go:123: Engine NewGame start
2023/11/30 21:52:21 engine.go:143: Engine NewGame end
2023/11/30 21:52:51 engine.go:226: Engine GameOver start
2023/11/30 21:52:51 view.go:271: View ShowGameOverAnimation start
2023/11/30 21:52:51 view.go:275: View ShowGameOverAnimation case 0
2023/11/30 21:52:52 view.go:338: View ShowGameOverAnimation end
2023/11/30 21:52:52 engine.go:245: Engine GameOver end
2023/11/30 21:53:04 engine.go:123: Engine NewGame start
2023/11/30 21:53:04 engine.go:143: Engine NewGame end
2023/11/30 21:56:37 engine.go:226: Engine GameOver start
2023/11/30 21:56:37 view.go:271: View ShowGameOverAnimation start
2023/11/30 21:56:37 view.go:283: View ShowGameOverAnimation case 1
2023/11/30 21:56:38 view.go:338: View ShowGameOverAnimation end
2023/11/30 21:56:38 engine.go:245: Engine GameOver end
2023/12/01 01:03:39 engine.go:86: Engine Start end
2023/12/01 01:03:39 engine.go:52: Engine Run end
2023/12/01 01:03:39 view.go:31: View Stop start
2023/12/01 01:03:39 view.go:35: View Stop end
